{"C:\\Users\\Abdullah Ainth\\event-booking-app\\src\\components\\BookingConfirmation.jsx": {"path":"C:\\Users\\Abdullah Ainth\\event-booking-app\\src\\components\\BookingConfirmation.jsx","statementMap":{"0":{"start":{"line":6,"column":2},"end":{"line":8,"column":3}},"1":{"start":{"line":7,"column":4},"end":{"line":7,"column":56}},"2":{"start":{"line":10,"column":53},"end":{"line":10,"column":64}},"3":{"start":{"line":12,"column":2},"end":{"line":21,"column":4}}},"fnMap":{"0":{"name":"BookingConfirmation","decl":{"start":{"line":5,"column":9},"end":{"line":5,"column":28}},"loc":{"start":{"line":5,"column":46},"end":{"line":22,"column":1}},"line":5}},"branchMap":{"0":{"loc":{"start":{"line":6,"column":2},"end":{"line":8,"column":3}},"type":"if","locations":[{"start":{"line":6,"column":2},"end":{"line":8,"column":3}},{"start":{},"end":{}}],"line":6}},"s":{"0":2,"1":1,"2":1,"3":1},"f":{"0":2},"b":{"0":[1,1]},"_coverageSchema":"1a1c01bbd47fc00a2c39e90264f33305004495a9","hash":"f3fa67e0352fdc1f34d712944bba8acf72fea204"}
,"C:\\Users\\Abdullah Ainth\\event-booking-app\\src\\components\\CategoryFilter.jsx": {"path":"C:\\Users\\Abdullah Ainth\\event-booking-app\\src\\components\\CategoryFilter.jsx","statementMap":{"0":{"start":{"line":5,"column":23},"end":{"line":20,"column":1}},"1":{"start":{"line":6,"column":21},"end":{"line":6,"column":81}},"2":{"start":{"line":6,"column":64},"end":{"line":6,"column":78}},"3":{"start":{"line":7,"column":2},"end":{"line":19,"column":4}},"4":{"start":{"line":10,"column":8},"end":{"line":16,"column":17}},"5":{"start":{"line":13,"column":25},"end":{"line":13,"column":54}}},"fnMap":{"0":{"name":"(anonymous_0)","decl":{"start":{"line":5,"column":23},"end":{"line":5,"column":24}},"loc":{"start":{"line":5,"column":70},"end":{"line":20,"column":1}},"line":5},"1":{"name":"(anonymous_1)","decl":{"start":{"line":6,"column":55},"end":{"line":6,"column":56}},"loc":{"start":{"line":6,"column":64},"end":{"line":6,"column":78}},"line":6},"2":{"name":"(anonymous_2)","decl":{"start":{"line":9,"column":22},"end":{"line":9,"column":23}},"loc":{"start":{"line":10,"column":8},"end":{"line":16,"column":17}},"line":10},"3":{"name":"(anonymous_3)","decl":{"start":{"line":13,"column":19},"end":{"line":13,"column":20}},"loc":{"start":{"line":13,"column":25},"end":{"line":13,"column":54}},"line":13}},"branchMap":{"0":{"loc":{"start":{"line":12,"column":38},"end":{"line":12,"column":83}},"type":"cond-expr","locations":[{"start":{"line":12,"column":70},"end":{"line":12,"column":78}},{"start":{"line":12,"column":81},"end":{"line":12,"column":83}}],"line":12}},"s":{"0":2,"1":3,"2":18,"3":3,"4":18,"5":1},"f":{"0":3,"1":18,"2":18,"3":1},"b":{"0":[3,15]},"_coverageSchema":"1a1c01bbd47fc00a2c39e90264f33305004495a9","hash":"d27ff9b61caad1c66e507829e864f8bf20ecdd70"}
,"C:\\Users\\Abdullah Ainth\\event-booking-app\\src\\components\\EventDetail.jsx": {"path":"C:\\Users\\Abdullah Ainth\\event-booking-app\\src\\components\\EventDetail.jsx","statementMap":{"0":{"start":{"line":6,"column":20},"end":{"line":39,"column":1}},"1":{"start":{"line":7,"column":17},"end":{"line":7,"column":28}},"2":{"start":{"line":8,"column":19},"end":{"line":8,"column":32}},"3":{"start":{"line":10,"column":15},"end":{"line":10,"column":17}},"4":{"start":{"line":11,"column":2},"end":{"line":15,"column":3}},"5":{"start":{"line":12,"column":4},"end":{"line":12,"column":64}},"6":{"start":{"line":14,"column":4},"end":{"line":14,"column":16}},"7":{"start":{"line":17,"column":16},"end":{"line":17,"column":72}},"8":{"start":{"line":17,"column":35},"end":{"line":17,"column":71}},"9":{"start":{"line":19,"column":23},"end":{"line":23,"column":3}},"10":{"start":{"line":20,"column":4},"end":{"line":20,"column":23}},"11":{"start":{"line":20,"column":16},"end":{"line":20,"column":23}},"12":{"start":{"line":22,"column":4},"end":{"line":22,"column":59}},"13":{"start":{"line":25,"column":2},"end":{"line":27,"column":3}},"14":{"start":{"line":26,"column":4},"end":{"line":26,"column":63}},"15":{"start":{"line":29,"column":2},"end":{"line":38,"column":4}}},"fnMap":{"0":{"name":"(anonymous_0)","decl":{"start":{"line":6,"column":20},"end":{"line":6,"column":21}},"loc":{"start":{"line":6,"column":26},"end":{"line":39,"column":1}},"line":6},"1":{"name":"(anonymous_1)","decl":{"start":{"line":17,"column":28},"end":{"line":17,"column":29}},"loc":{"start":{"line":17,"column":35},"end":{"line":17,"column":71}},"line":17},"2":{"name":"(anonymous_2)","decl":{"start":{"line":19,"column":23},"end":{"line":19,"column":24}},"loc":{"start":{"line":19,"column":29},"end":{"line":23,"column":3}},"line":19}},"branchMap":{"0":{"loc":{"start":{"line":12,"column":24},"end":{"line":12,"column":62}},"type":"binary-expr","locations":[{"start":{"line":12,"column":24},"end":{"line":12,"column":54}},{"start":{"line":12,"column":58},"end":{"line":12,"column":62}}],"line":12},"1":{"loc":{"start":{"line":17,"column":35},"end":{"line":17,"column":71}},"type":"binary-expr","locations":[{"start":{"line":17,"column":35},"end":{"line":17,"column":46}},{"start":{"line":17,"column":50},"end":{"line":17,"column":71}}],"line":17},"2":{"loc":{"start":{"line":20,"column":4},"end":{"line":20,"column":23}},"type":"if","locations":[{"start":{"line":20,"column":4},"end":{"line":20,"column":23}},{"start":{},"end":{}}],"line":20},"3":{"loc":{"start":{"line":25,"column":2},"end":{"line":27,"column":3}},"type":"if","locations":[{"start":{"line":25,"column":2},"end":{"line":27,"column":3}},{"start":{},"end":{}}],"line":25}},"s":{"0":2,"1":5,"2":5,"3":5,"4":5,"5":5,"6":1,"7":5,"8":2,"9":5,"10":1,"11":0,"12":1,"13":5,"14":4,"15":1},"f":{"0":5,"1":2,"2":1},"b":{"0":[5,1],"1":[2,1],"2":[0,1],"3":[4,1]},"_coverageSchema":"1a1c01bbd47fc00a2c39e90264f33305004495a9","hash":"05b8ae9059c8175ac18645bf7e9f4c1411fd4a8c"}
,"C:\\Users\\Abdullah Ainth\\event-booking-app\\src\\components\\EventList.jsx": {"path":"C:\\Users\\Abdullah Ainth\\event-booking-app\\src\\components\\EventList.jsx","statementMap":{"0":{"start":{"line":5,"column":18},"end":{"line":37,"column":1}},"1":{"start":{"line":7,"column":2},"end":{"line":14,"column":3}},"2":{"start":{"line":8,"column":4},"end":{"line":13,"column":6}},"3":{"start":{"line":16,"column":2},"end":{"line":36,"column":4}},"4":{"start":{"line":21,"column":10},"end":{"line":32,"column":17}}},"fnMap":{"0":{"name":"(anonymous_0)","decl":{"start":{"line":5,"column":18},"end":{"line":5,"column":19}},"loc":{"start":{"line":5,"column":34},"end":{"line":37,"column":1}},"line":5},"1":{"name":"(anonymous_1)","decl":{"start":{"line":20,"column":20},"end":{"line":20,"column":21}},"loc":{"start":{"line":21,"column":10},"end":{"line":32,"column":17}},"line":21}},"branchMap":{"0":{"loc":{"start":{"line":7,"column":2},"end":{"line":14,"column":3}},"type":"if","locations":[{"start":{"line":7,"column":2},"end":{"line":14,"column":3}},{"start":{},"end":{}}],"line":7},"1":{"loc":{"start":{"line":7,"column":6},"end":{"line":7,"column":36}},"type":"binary-expr","locations":[{"start":{"line":7,"column":6},"end":{"line":7,"column":13}},{"start":{"line":7,"column":17},"end":{"line":7,"column":36}}],"line":7}},"s":{"0":2,"1":3,"2":2,"3":1,"4":1},"f":{"0":3,"1":1},"b":{"0":[2,1],"1":[3,2]},"_coverageSchema":"1a1c01bbd47fc00a2c39e90264f33305004495a9","hash":"bf5f3f58f786847e7a18bf511d0b83761d7b07b1"}
,"C:\\Users\\Abdullah Ainth\\event-booking-app\\src\\components\\MyBookings.jsx": {"path":"C:\\Users\\Abdullah Ainth\\event-booking-app\\src\\components\\MyBookings.jsx","statementMap":{"0":{"start":{"line":5,"column":19},"end":{"line":35,"column":1}},"1":{"start":{"line":6,"column":34},"end":{"line":6,"column":46}},"2":{"start":{"line":8,"column":2},"end":{"line":12,"column":9}},"3":{"start":{"line":10,"column":28},"end":{"line":10,"column":41}},"4":{"start":{"line":11,"column":4},"end":{"line":11,"column":39}},"5":{"start":{"line":14,"column":2},"end":{"line":34,"column":4}},"6":{"start":{"line":20,"column":12},"end":{"line":27,"column":17}}},"fnMap":{"0":{"name":"(anonymous_0)","decl":{"start":{"line":5,"column":19},"end":{"line":5,"column":20}},"loc":{"start":{"line":5,"column":25},"end":{"line":35,"column":1}},"line":5},"1":{"name":"(anonymous_1)","decl":{"start":{"line":8,"column":12},"end":{"line":8,"column":13}},"loc":{"start":{"line":8,"column":18},"end":{"line":12,"column":3}},"line":8},"2":{"name":"(anonymous_2)","decl":{"start":{"line":19,"column":24},"end":{"line":19,"column":25}},"loc":{"start":{"line":20,"column":12},"end":{"line":27,"column":17}},"line":20}},"branchMap":{"0":{"loc":{"start":{"line":11,"column":16},"end":{"line":11,"column":37}},"type":"binary-expr","locations":[{"start":{"line":11,"column":16},"end":{"line":11,"column":31}},{"start":{"line":11,"column":35},"end":{"line":11,"column":37}}],"line":11},"1":{"loc":{"start":{"line":17,"column":7},"end":{"line":32,"column":7}},"type":"cond-expr","locations":[{"start":{"line":18,"column":8},"end":{"line":29,"column":13}},{"start":{"line":31,"column":8},"end":{"line":31,"column":81}}],"line":17}},"s":{"0":2,"1":6,"2":6,"3":3,"4":3,"5":6,"6":2},"f":{"0":6,"1":3,"2":2},"b":{"0":[3,1],"1":[1,5]},"_coverageSchema":"1a1c01bbd47fc00a2c39e90264f33305004495a9","hash":"32946cfa01498f0273535dd387551ef4c6db7629"}
,"C:\\Users\\Abdullah Ainth\\event-booking-app\\src\\components\\Payment.jsx": {"path":"C:\\Users\\Abdullah Ainth\\event-booking-app\\src\\components\\Payment.jsx","statementMap":{"0":{"start":{"line":8,"column":16},"end":{"line":44,"column":1}},"1":{"start":{"line":9,"column":19},"end":{"line":9,"column":32}},"2":{"start":{"line":10,"column":19},"end":{"line":10,"column":32}},"3":{"start":{"line":11,"column":16},"end":{"line":11,"column":37}},"4":{"start":{"line":13,"column":24},"end":{"line":31,"column":3}},"5":{"start":{"line":14,"column":4},"end":{"line":14,"column":23}},"6":{"start":{"line":14,"column":16},"end":{"line":14,"column":23}},"7":{"start":{"line":15,"column":4},"end":{"line":30,"column":7}},"8":{"start":{"line":16,"column":22},"end":{"line":22,"column":7}},"9":{"start":{"line":25,"column":8},"end":{"line":25,"column":58}},"10":{"start":{"line":26,"column":30},"end":{"line":26,"column":60}},"11":{"start":{"line":27,"column":6},"end":{"line":27,"column":72}},"12":{"start":{"line":29,"column":6},"end":{"line":29,"column":56}},"13":{"start":{"line":33,"column":2},"end":{"line":35,"column":3}},"14":{"start":{"line":34,"column":4},"end":{"line":34,"column":82}},"15":{"start":{"line":37,"column":2},"end":{"line":43,"column":4}}},"fnMap":{"0":{"name":"(anonymous_0)","decl":{"start":{"line":8,"column":16},"end":{"line":8,"column":17}},"loc":{"start":{"line":8,"column":22},"end":{"line":44,"column":1}},"line":8},"1":{"name":"(anonymous_1)","decl":{"start":{"line":13,"column":24},"end":{"line":13,"column":25}},"loc":{"start":{"line":13,"column":30},"end":{"line":31,"column":3}},"line":13},"2":{"name":"(anonymous_2)","decl":{"start":{"line":15,"column":44},"end":{"line":15,"column":45}},"loc":{"start":{"line":15,"column":50},"end":{"line":30,"column":5}},"line":15}},"branchMap":{"0":{"loc":{"start":{"line":14,"column":4},"end":{"line":14,"column":23}},"type":"if","locations":[{"start":{"line":14,"column":4},"end":{"line":14,"column":23}},{"start":{},"end":{}}],"line":14},"1":{"loc":{"start":{"line":25,"column":8},"end":{"line":25,"column":58}},"type":"binary-expr","locations":[{"start":{"line":25,"column":8},"end":{"line":25,"column":52}},{"start":{"line":25,"column":56},"end":{"line":25,"column":58}}],"line":25},"2":{"loc":{"start":{"line":33,"column":2},"end":{"line":35,"column":3}},"type":"if","locations":[{"start":{"line":33,"column":2},"end":{"line":35,"column":3}},{"start":{},"end":{}}],"line":33}},"s":{"0":1,"1":4,"2":4,"3":4,"4":4,"5":1,"6":0,"7":1,"8":1,"9":1,"10":1,"11":1,"12":1,"13":4,"14":2,"15":2},"f":{"0":4,"1":1,"2":1},"b":{"0":[0,1],"1":[1,1],"2":[2,2]},"_coverageSchema":"1a1c01bbd47fc00a2c39e90264f33305004495a9","hash":"9616568e0ebf5e7fdbd730db5fe4523e890b4f3c"}
,"C:\\Users\\Abdullah Ainth\\event-booking-app\\src\\components\\PaymentMethod.jsx": {"path":"C:\\Users\\Abdullah Ainth\\event-booking-app\\src\\components\\PaymentMethod.jsx","statementMap":{"0":{"start":{"line":5,"column":23},"end":{"line":10,"column":1}},"1":{"start":{"line":12,"column":22},"end":{"line":30,"column":1}},"2":{"start":{"line":13,"column":2},"end":{"line":29,"column":4}},"3":{"start":{"line":18,"column":10},"end":{"line":25,"column":15}},"4":{"start":{"line":21,"column":27},"end":{"line":21,"column":46}}},"fnMap":{"0":{"name":"(anonymous_0)","decl":{"start":{"line":12,"column":22},"end":{"line":12,"column":23}},"loc":{"start":{"line":12,"column":56},"end":{"line":30,"column":1}},"line":12},"1":{"name":"(anonymous_1)","decl":{"start":{"line":17,"column":28},"end":{"line":17,"column":29}},"loc":{"start":{"line":18,"column":10},"end":{"line":25,"column":15}},"line":18},"2":{"name":"(anonymous_2)","decl":{"start":{"line":21,"column":21},"end":{"line":21,"column":22}},"loc":{"start":{"line":21,"column":27},"end":{"line":21,"column":46}},"line":21}},"branchMap":{"0":{"loc":{"start":{"line":20,"column":23},"end":{"line":20,"column":69}},"type":"cond-expr","locations":[{"start":{"line":20,"column":54},"end":{"line":20,"column":64}},{"start":{"line":20,"column":67},"end":{"line":20,"column":69}}],"line":20}},"s":{"0":1,"1":1,"2":3,"3":12,"4":1},"f":{"0":3,"1":12,"2":1},"b":{"0":[1,11]},"_coverageSchema":"1a1c01bbd47fc00a2c39e90264f33305004495a9","hash":"4dc63dc4a3b6b33a6206874b40ec5721d955fde2"}
,"C:\\Users\\Abdullah Ainth\\event-booking-app\\src\\components\\PaymentPage.jsx": {"path":"C:\\Users\\Abdullah Ainth\\event-booking-app\\src\\components\\PaymentPage.jsx","statementMap":{"0":{"start":{"line":5,"column":20},"end":{"line":37,"column":1}},"1":{"start":{"line":6,"column":24},"end":{"line":28,"column":3}},"2":{"start":{"line":7,"column":4},"end":{"line":27,"column":5}},"3":{"start":{"line":8,"column":21},"end":{"line":8,"column":47}},"4":{"start":{"line":9,"column":6},"end":{"line":12,"column":7}},"5":{"start":{"line":10,"column":8},"end":{"line":10,"column":60}},"6":{"start":{"line":11,"column":8},"end":{"line":11,"column":15}},"7":{"start":{"line":14,"column":6},"end":{"line":23,"column":9}},"8":{"start":{"line":18,"column":10},"end":{"line":18,"column":47}},"9":{"start":{"line":21,"column":10},"end":{"line":21,"column":43}},"10":{"start":{"line":25,"column":6},"end":{"line":25,"column":52}},"11":{"start":{"line":26,"column":6},"end":{"line":26,"column":63}},"12":{"start":{"line":30,"column":2},"end":{"line":36,"column":4}}},"fnMap":{"0":{"name":"(anonymous_0)","decl":{"start":{"line":5,"column":20},"end":{"line":5,"column":21}},"loc":{"start":{"line":5,"column":35},"end":{"line":37,"column":1}},"line":5},"1":{"name":"(anonymous_1)","decl":{"start":{"line":6,"column":24},"end":{"line":6,"column":25}},"loc":{"start":{"line":6,"column":36},"end":{"line":28,"column":3}},"line":6},"2":{"name":"(anonymous_2)","decl":{"start":{"line":17,"column":19},"end":{"line":17,"column":20}},"loc":{"start":{"line":17,"column":28},"end":{"line":19,"column":9}},"line":17},"3":{"name":"(anonymous_3)","decl":{"start":{"line":20,"column":19},"end":{"line":20,"column":20}},"loc":{"start":{"line":20,"column":25},"end":{"line":22,"column":9}},"line":20}},"branchMap":{"0":{"loc":{"start":{"line":9,"column":6},"end":{"line":12,"column":7}},"type":"if","locations":[{"start":{"line":9,"column":6},"end":{"line":12,"column":7}},{"start":{},"end":{}}],"line":9}},"s":{"0":1,"1":5,"2":4,"3":4,"4":3,"5":1,"6":1,"7":2,"8":1,"9":1,"10":1,"11":1,"12":5},"f":{"0":5,"1":4,"2":1,"3":1},"b":{"0":[1,2]},"_coverageSchema":"1a1c01bbd47fc00a2c39e90264f33305004495a9","hash":"453daf456e682b94b078445940a01ac43b986ad4"}
,"C:\\Users\\Abdullah Ainth\\event-booking-app\\src\\components\\PaymentScreen.jsx": {"path":"C:\\Users\\Abdullah Ainth\\event-booking-app\\src\\components\\PaymentScreen.jsx","statementMap":{"0":{"start":{"line":7,"column":22},"end":{"line":107,"column":1}},"1":{"start":{"line":8,"column":24},"end":{"line":8,"column":48}},"2":{"start":{"line":9,"column":19},"end":{"line":9,"column":32}},"3":{"start":{"line":10,"column":19},"end":{"line":10,"column":32}},"4":{"start":{"line":11,"column":30},"end":{"line":11,"column":50}},"5":{"start":{"line":14,"column":2},"end":{"line":19,"column":3}},"6":{"start":{"line":15,"column":4},"end":{"line":17,"column":19}},"7":{"start":{"line":16,"column":6},"end":{"line":16,"column":20}},"8":{"start":{"line":18,"column":4},"end":{"line":18,"column":16}},"9":{"start":{"line":21,"column":21},"end":{"line":21,"column":43}},"10":{"start":{"line":24,"column":24},"end":{"line":42,"column":3}},"11":{"start":{"line":26,"column":4},"end":{"line":26,"column":59}},"12":{"start":{"line":28,"column":22},"end":{"line":28,"column":62}},"13":{"start":{"line":29,"column":23},"end":{"line":35,"column":5}},"14":{"start":{"line":36,"column":29},"end":{"line":36,"column":79}},"15":{"start":{"line":37,"column":28},"end":{"line":37,"column":61}},"16":{"start":{"line":38,"column":4},"end":{"line":38,"column":70}},"17":{"start":{"line":40,"column":4},"end":{"line":40,"column":75}},"18":{"start":{"line":41,"column":4},"end":{"line":41,"column":29}},"19":{"start":{"line":44,"column":24},"end":{"line":87,"column":3}},"20":{"start":{"line":46,"column":4},"end":{"line":50,"column":5}},"21":{"start":{"line":47,"column":6},"end":{"line":47,"column":93}},"22":{"start":{"line":48,"column":6},"end":{"line":48,"column":83}},"23":{"start":{"line":49,"column":6},"end":{"line":49,"column":13}},"24":{"start":{"line":54,"column":20},"end":{"line":77,"column":5}},"25":{"start":{"line":80,"column":17},"end":{"line":80,"column":45}},"26":{"start":{"line":81,"column":4},"end":{"line":85,"column":7}},"27":{"start":{"line":83,"column":6},"end":{"line":83,"column":65}},"28":{"start":{"line":84,"column":6},"end":{"line":84,"column":74}},"29":{"start":{"line":86,"column":4},"end":{"line":86,"column":16}},"30":{"start":{"line":89,"column":2},"end":{"line":106,"column":4}}},"fnMap":{"0":{"name":"(anonymous_0)","decl":{"start":{"line":7,"column":22},"end":{"line":7,"column":23}},"loc":{"start":{"line":7,"column":28},"end":{"line":107,"column":1}},"line":7},"1":{"name":"(anonymous_1)","decl":{"start":{"line":15,"column":14},"end":{"line":15,"column":15}},"loc":{"start":{"line":15,"column":20},"end":{"line":17,"column":5}},"line":15},"2":{"name":"(anonymous_2)","decl":{"start":{"line":24,"column":24},"end":{"line":24,"column":25}},"loc":{"start":{"line":24,"column":38},"end":{"line":42,"column":3}},"line":24},"3":{"name":"(anonymous_3)","decl":{"start":{"line":44,"column":24},"end":{"line":44,"column":25}},"loc":{"start":{"line":44,"column":30},"end":{"line":87,"column":3}},"line":44},"4":{"name":"(anonymous_4)","decl":{"start":{"line":81,"column":30},"end":{"line":81,"column":31}},"loc":{"start":{"line":81,"column":50},"end":{"line":85,"column":5}},"line":81}},"branchMap":{"0":{"loc":{"start":{"line":11,"column":30},"end":{"line":11,"column":50}},"type":"binary-expr","locations":[{"start":{"line":11,"column":30},"end":{"line":11,"column":44}},{"start":{"line":11,"column":48},"end":{"line":11,"column":50}}],"line":11},"1":{"loc":{"start":{"line":14,"column":2},"end":{"line":19,"column":3}},"type":"if","locations":[{"start":{"line":14,"column":2},"end":{"line":19,"column":3}},{"start":{},"end":{}}],"line":14},"2":{"loc":{"start":{"line":14,"column":6},"end":{"line":14,"column":25}},"type":"binary-expr","locations":[{"start":{"line":14,"column":6},"end":{"line":14,"column":12}},{"start":{"line":14,"column":16},"end":{"line":14,"column":25}}],"line":14},"3":{"loc":{"start":{"line":36,"column":29},"end":{"line":36,"column":79}},"type":"binary-expr","locations":[{"start":{"line":36,"column":29},"end":{"line":36,"column":73}},{"start":{"line":36,"column":77},"end":{"line":36,"column":79}}],"line":36},"4":{"loc":{"start":{"line":46,"column":4},"end":{"line":50,"column":5}},"type":"if","locations":[{"start":{"line":46,"column":4},"end":{"line":50,"column":5}},{"start":{},"end":{}}],"line":46}},"s":{"0":2,"1":6,"2":6,"3":6,"4":6,"5":6,"6":1,"7":1,"8":1,"9":5,"10":5,"11":1,"12":1,"13":1,"14":1,"15":1,"16":1,"17":1,"18":1,"19":5,"20":4,"21":1,"22":1,"23":1,"24":3,"25":3,"26":3,"27":1,"28":1,"29":3,"30":5},"f":{"0":6,"1":1,"2":1,"3":4,"4":1},"b":{"0":[6,0],"1":[1,5],"2":[6,5],"3":[1,1],"4":[1,3]},"_coverageSchema":"1a1c01bbd47fc00a2c39e90264f33305004495a9","hash":"910adcebeaaad36d431bd0f73d95e9e2b099b7cd"}
,"C:\\Users\\Abdullah Ainth\\event-booking-app\\src\\components\\Toast.jsx": {"path":"C:\\Users\\Abdullah Ainth\\event-booking-app\\src\\components\\Toast.jsx","statementMap":{"0":{"start":{"line":4,"column":14},"end":{"line":52,"column":1}},"1":{"start":{"line":5,"column":57},"end":{"line":5,"column":62}},"2":{"start":{"line":7,"column":2},"end":{"line":14,"column":29}},"3":{"start":{"line":8,"column":4},"end":{"line":13,"column":5}},"4":{"start":{"line":9,"column":20},"end":{"line":11,"column":17}},"5":{"start":{"line":10,"column":8},"end":{"line":10,"column":20}},"6":{"start":{"line":12,"column":6},"end":{"line":12,"column":39}},"7":{"start":{"line":12,"column":19},"end":{"line":12,"column":38}},"8":{"start":{"line":16,"column":22},"end":{"line":18,"column":3}},"9":{"start":{"line":17,"column":4},"end":{"line":17,"column":16}},"10":{"start":{"line":20,"column":18},"end":{"line":32,"column":3}},"11":{"start":{"line":21,"column":4},"end":{"line":31,"column":5}},"12":{"start":{"line":23,"column":8},"end":{"line":23,"column":19}},"13":{"start":{"line":25,"column":8},"end":{"line":25,"column":19}},"14":{"start":{"line":27,"column":8},"end":{"line":27,"column":20}},"15":{"start":{"line":30,"column":8},"end":{"line":30,"column":20}},"16":{"start":{"line":34,"column":2},"end":{"line":51,"column":4}}},"fnMap":{"0":{"name":"(anonymous_0)","decl":{"start":{"line":4,"column":14},"end":{"line":4,"column":15}},"loc":{"start":{"line":4,"column":38},"end":{"line":52,"column":1}},"line":4},"1":{"name":"(anonymous_1)","decl":{"start":{"line":7,"column":12},"end":{"line":7,"column":13}},"loc":{"start":{"line":7,"column":18},"end":{"line":14,"column":3}},"line":7},"2":{"name":"(anonymous_2)","decl":{"start":{"line":9,"column":31},"end":{"line":9,"column":32}},"loc":{"start":{"line":9,"column":37},"end":{"line":11,"column":7}},"line":9},"3":{"name":"(anonymous_3)","decl":{"start":{"line":12,"column":13},"end":{"line":12,"column":14}},"loc":{"start":{"line":12,"column":19},"end":{"line":12,"column":38}},"line":12},"4":{"name":"(anonymous_4)","decl":{"start":{"line":16,"column":22},"end":{"line":16,"column":23}},"loc":{"start":{"line":16,"column":28},"end":{"line":18,"column":3}},"line":16},"5":{"name":"(anonymous_5)","decl":{"start":{"line":20,"column":18},"end":{"line":20,"column":19}},"loc":{"start":{"line":20,"column":24},"end":{"line":32,"column":3}},"line":20}},"branchMap":{"0":{"loc":{"start":{"line":5,"column":23},"end":{"line":5,"column":36}},"type":"default-arg","locations":[{"start":{"line":5,"column":30},"end":{"line":5,"column":36}}],"line":5},"1":{"loc":{"start":{"line":5,"column":38},"end":{"line":5,"column":52}},"type":"default-arg","locations":[{"start":{"line":5,"column":48},"end":{"line":5,"column":52}}],"line":5},"2":{"loc":{"start":{"line":8,"column":4},"end":{"line":13,"column":5}},"type":"if","locations":[{"start":{"line":8,"column":4},"end":{"line":13,"column":5}},{"start":{},"end":{}}],"line":8},"3":{"loc":{"start":{"line":21,"column":4},"end":{"line":31,"column":5}},"type":"switch","locations":[{"start":{"line":22,"column":6},"end":{"line":23,"column":19}},{"start":{"line":24,"column":6},"end":{"line":25,"column":19}},{"start":{"line":26,"column":6},"end":{"line":27,"column":20}},{"start":{"line":28,"column":6},"end":{"line":28,"column":18}},{"start":{"line":29,"column":6},"end":{"line":30,"column":20}}],"line":21}},"s":{"0":1,"1":8,"2":8,"3":8,"4":7,"5":1,"6":7,"7":7,"8":8,"9":1,"10":8,"11":8,"12":1,"13":1,"14":1,"15":5,"16":8},"f":{"0":8,"1":8,"2":1,"3":7,"4":1,"5":8},"b":{"0":[0],"1":[6],"2":[7,1],"3":[1,1,1,5,5]},"_coverageSchema":"1a1c01bbd47fc00a2c39e90264f33305004495a9","hash":"e49f53f7257a72ba3c5c08be9dfd5736ed610129"}
,"C:\\Users\\Abdullah Ainth\\event-booking-app\\src\\components\\ToastContainer.jsx": {"path":"C:\\Users\\Abdullah Ainth\\event-booking-app\\src\\components\\ToastContainer.jsx","statementMap":{"0":{"start":{"line":7,"column":23},"end":{"line":33,"column":1}},"1":{"start":{"line":8,"column":34},"end":{"line":8,"column":44}},"2":{"start":{"line":9,"column":20},"end":{"line":9,"column":30}},"3":{"start":{"line":11,"column":26},"end":{"line":11,"column":46}},"4":{"start":{"line":13,"column":2},"end":{"line":22,"column":37}},"5":{"start":{"line":14,"column":19},"end":{"line":19,"column":6}},"6":{"start":{"line":15,"column":22},"end":{"line":15,"column":43}},"7":{"start":{"line":16,"column":6},"end":{"line":18,"column":18}},"8":{"start":{"line":17,"column":8},"end":{"line":17,"column":30}},"9":{"start":{"line":21,"column":4},"end":{"line":21,"column":46}},"10":{"start":{"line":21,"column":17},"end":{"line":21,"column":45}},"11":{"start":{"line":24,"column":2},"end":{"line":32,"column":4}},"12":{"start":{"line":27,"column":8},"end":{"line":29,"column":14}}},"fnMap":{"0":{"name":"(anonymous_0)","decl":{"start":{"line":7,"column":23},"end":{"line":7,"column":24}},"loc":{"start":{"line":7,"column":50},"end":{"line":33,"column":1}},"line":7},"1":{"name":"(anonymous_1)","decl":{"start":{"line":13,"column":12},"end":{"line":13,"column":13}},"loc":{"start":{"line":13,"column":18},"end":{"line":22,"column":3}},"line":13},"2":{"name":"(anonymous_2)","decl":{"start":{"line":14,"column":39},"end":{"line":14,"column":40}},"loc":{"start":{"line":14,"column":50},"end":{"line":19,"column":5}},"line":14},"3":{"name":"(anonymous_3)","decl":{"start":{"line":16,"column":24},"end":{"line":16,"column":25}},"loc":{"start":{"line":16,"column":30},"end":{"line":18,"column":7}},"line":16},"4":{"name":"(anonymous_4)","decl":{"start":{"line":21,"column":11},"end":{"line":21,"column":12}},"loc":{"start":{"line":21,"column":17},"end":{"line":21,"column":45}},"line":21},"5":{"name":"(anonymous_5)","decl":{"start":{"line":26,"column":27},"end":{"line":26,"column":28}},"loc":{"start":{"line":27,"column":8},"end":{"line":29,"column":14}},"line":27}},"branchMap":{"0":{"loc":{"start":{"line":7,"column":26},"end":{"line":7,"column":43}},"type":"default-arg","locations":[{"start":{"line":7,"column":39},"end":{"line":7,"column":43}}],"line":7},"1":{"loc":{"start":{"line":11,"column":26},"end":{"line":11,"column":46}},"type":"binary-expr","locations":[{"start":{"line":11,"column":26},"end":{"line":11,"column":36}},{"start":{"line":11,"column":40},"end":{"line":11,"column":46}}],"line":11},"2":{"loc":{"start":{"line":15,"column":22},"end":{"line":15,"column":43}},"type":"binary-expr","locations":[{"start":{"line":15,"column":22},"end":{"line":15,"column":35}},{"start":{"line":15,"column":39},"end":{"line":15,"column":43}}],"line":15},"3":{"loc":{"start":{"line":25,"column":53},"end":{"line":25,"column":83}},"type":"cond-expr","locations":[{"start":{"line":25,"column":72},"end":{"line":25,"column":78}},{"start":{"line":25,"column":81},"end":{"line":25,"column":83}}],"line":25}},"s":{"0":2,"1":3,"2":3,"3":3,"4":3,"5":3,"6":4,"7":4,"8":1,"9":3,"10":3,"11":3,"12":4},"f":{"0":3,"1":3,"2":4,"3":1,"4":3,"5":4},"b":{"0":[3],"1":[3,3],"2":[4,2],"3":[1,2]},"_coverageSchema":"1a1c01bbd47fc00a2c39e90264f33305004495a9","hash":"e359917cdb1baed1ded4b956174fb3b666083c33"}
,"C:\\Users\\Abdullah Ainth\\event-booking-app\\src\\components\\navbar.jsx": {"path":"C:\\Users\\Abdullah Ainth\\event-booking-app\\src\\components\\navbar.jsx","statementMap":{"0":{"start":{"line":5,"column":15},"end":{"line":23,"column":1}},"1":{"start":{"line":6,"column":2},"end":{"line":22,"column":4}}},"fnMap":{"0":{"name":"(anonymous_0)","decl":{"start":{"line":5,"column":15},"end":{"line":5,"column":16}},"loc":{"start":{"line":5,"column":21},"end":{"line":23,"column":1}},"line":5}},"branchMap":{},"s":{"0":2,"1":3},"f":{"0":3},"b":{},"_coverageSchema":"1a1c01bbd47fc00a2c39e90264f33305004495a9","hash":"826360f4ce9f4850dac9b8150a23035f3cdee458"}
,"C:\\Users\\Abdullah Ainth\\event-booking-app\\src\\utils\\localStorage.js": {"path":"C:\\Users\\Abdullah Ainth\\event-booking-app\\src\\utils\\localStorage.js","statementMap":{"0":{"start":{"line":2,"column":2},"end":{"line":8,"column":3}},"1":{"start":{"line":3,"column":21},"end":{"line":3,"column":71}},"2":{"start":{"line":4,"column":4},"end":{"line":4,"column":27}},"3":{"start":{"line":5,"column":4},"end":{"line":5,"column":63}},"4":{"start":{"line":7,"column":4},"end":{"line":7,"column":66}},"5":{"start":{"line":12,"column":2},"end":{"line":17,"column":3}},"6":{"start":{"line":13,"column":4},"end":{"line":13,"column":62}},"7":{"start":{"line":15,"column":4},"end":{"line":15,"column":70}},"8":{"start":{"line":16,"column":4},"end":{"line":16,"column":14}}},"fnMap":{"0":{"name":"saveBooking","decl":{"start":{"line":1,"column":16},"end":{"line":1,"column":27}},"loc":{"start":{"line":1,"column":37},"end":{"line":9,"column":1}},"line":1},"1":{"name":"getBookings","decl":{"start":{"line":11,"column":16},"end":{"line":11,"column":27}},"loc":{"start":{"line":11,"column":30},"end":{"line":18,"column":1}},"line":11}},"branchMap":{"0":{"loc":{"start":{"line":3,"column":21},"end":{"line":3,"column":71}},"type":"binary-expr","locations":[{"start":{"line":3,"column":21},"end":{"line":3,"column":65}},{"start":{"line":3,"column":69},"end":{"line":3,"column":71}}],"line":3},"1":{"loc":{"start":{"line":13,"column":11},"end":{"line":13,"column":61}},"type":"binary-expr","locations":[{"start":{"line":13,"column":11},"end":{"line":13,"column":55}},{"start":{"line":13,"column":59},"end":{"line":13,"column":61}}],"line":13}},"s":{"0":2,"1":2,"2":2,"3":2,"4":1,"5":3,"6":3,"7":1,"8":1},"f":{"0":2,"1":3},"b":{"0":[2,2],"1":[3,1]},"_coverageSchema":"1a1c01bbd47fc00a2c39e90264f33305004495a9","hash":"ab6ac17fffd9be83fe9f8685df127d84c436a1ce"}
,"C:\\Users\\Abdullah Ainth\\event-booking-app\\src\\utils\\razorpay.js": {"path":"C:\\Users\\Abdullah Ainth\\event-booking-app\\src\\utils\\razorpay.js","statementMap":{"0":{"start":{"line":3,"column":21},"end":{"line":3,"column":67}},"1":{"start":{"line":6,"column":2},"end":{"line":21,"column":5}},"2":{"start":{"line":7,"column":27},"end":{"line":7,"column":82}},"3":{"start":{"line":8,"column":4},"end":{"line":11,"column":5}},"4":{"start":{"line":9,"column":6},"end":{"line":9,"column":20}},"5":{"start":{"line":10,"column":6},"end":{"line":10,"column":13}},"6":{"start":{"line":13,"column":19},"end":{"line":13,"column":51}},"7":{"start":{"line":14,"column":4},"end":{"line":14,"column":30}},"8":{"start":{"line":15,"column":4},"end":{"line":15,"column":40}},"9":{"start":{"line":15,"column":26},"end":{"line":15,"column":39}},"10":{"start":{"line":16,"column":4},"end":{"line":19,"column":6}},"11":{"start":{"line":17,"column":6},"end":{"line":17,"column":51}},"12":{"start":{"line":18,"column":6},"end":{"line":18,"column":21}},"13":{"start":{"line":20,"column":4},"end":{"line":20,"column":38}},"14":{"start":{"line":25,"column":14},"end":{"line":25,"column":42}},"15":{"start":{"line":26,"column":2},"end":{"line":26,"column":13}}},"fnMap":{"0":{"name":"loadRazorpayScript","decl":{"start":{"line":5,"column":16},"end":{"line":5,"column":34}},"loc":{"start":{"line":5,"column":37},"end":{"line":22,"column":1}},"line":5},"1":{"name":"(anonymous_1)","decl":{"start":{"line":6,"column":21},"end":{"line":6,"column":22}},"loc":{"start":{"line":6,"column":34},"end":{"line":21,"column":3}},"line":6},"2":{"name":"(anonymous_2)","decl":{"start":{"line":15,"column":20},"end":{"line":15,"column":21}},"loc":{"start":{"line":15,"column":26},"end":{"line":15,"column":39}},"line":15},"3":{"name":"(anonymous_3)","decl":{"start":{"line":16,"column":21},"end":{"line":16,"column":22}},"loc":{"start":{"line":16,"column":27},"end":{"line":19,"column":5}},"line":16},"4":{"name":"openRazorpayCheckout","decl":{"start":{"line":24,"column":16},"end":{"line":24,"column":36}},"loc":{"start":{"line":24,"column":46},"end":{"line":27,"column":1}},"line":24}},"branchMap":{"0":{"loc":{"start":{"line":8,"column":4},"end":{"line":11,"column":5}},"type":"if","locations":[{"start":{"line":8,"column":4},"end":{"line":11,"column":5}},{"start":{},"end":{}}],"line":8}},"s":{"0":1,"1":4,"2":4,"3":4,"4":2,"5":2,"6":2,"7":2,"8":2,"9":1,"10":2,"11":1,"12":1,"13":2,"14":1,"15":1},"f":{"0":4,"1":4,"2":1,"3":1,"4":1},"b":{"0":[2,2]},"_coverageSchema":"1a1c01bbd47fc00a2c39e90264f33305004495a9","hash":"aff76130c5e8bfe38addc544737aeaaa04b49597"}
}
