TN:
SF:src\components\BookingConfirmation.jsx
FN:5,BookingConfirmation
FNF:1
FNH:1
FNDA:2,BookingConfirmation
DA:6,2
DA:7,1
DA:10,1
DA:12,1
LF:4
LH:4
BRDA:6,0,0,1
BRDA:6,0,1,1
BRF:2
BRH:2
end_of_record
TN:
SF:src\components\CategoryFilter.jsx
FN:5,(anonymous_0)
FN:6,(anonymous_1)
FN:9,(anonymous_2)
FN:13,(anonymous_3)
FNF:4
FNH:4
FNDA:3,(anonymous_0)
FNDA:18,(anonymous_1)
FNDA:18,(anonymous_2)
FNDA:1,(anonymous_3)
DA:5,2
DA:6,18
DA:7,3
DA:10,18
DA:13,1
LF:5
LH:5
BRDA:12,0,0,3
BRDA:12,0,1,15
BRF:2
BRH:2
end_of_record
TN:
SF:src\components\EventDetail.jsx
FN:6,(anonymous_0)
FN:17,(anonymous_1)
FN:19,(anonymous_2)
FNF:3
FNH:3
FNDA:5,(anonymous_0)
FNDA:2,(anonymous_1)
FNDA:1,(anonymous_2)
DA:6,2
DA:7,5
DA:8,5
DA:10,5
DA:11,5
DA:12,5
DA:14,1
DA:17,5
DA:19,5
DA:20,1
DA:22,1
DA:25,5
DA:26,4
DA:29,1
LF:14
LH:14
BRDA:12,0,0,5
BRDA:12,0,1,1
BRDA:17,1,0,2
BRDA:17,1,1,1
BRDA:20,2,0,0
BRDA:20,2,1,1
BRDA:25,3,0,4
BRDA:25,3,1,1
BRF:8
BRH:7
end_of_record
TN:
SF:src\components\EventList.jsx
FN:5,(anonymous_0)
FN:20,(anonymous_1)
FNF:2
FNH:2
FNDA:3,(anonymous_0)
FNDA:1,(anonymous_1)
DA:5,2
DA:7,3
DA:8,2
DA:16,1
DA:21,1
LF:5
LH:5
BRDA:7,0,0,2
BRDA:7,0,1,1
BRDA:7,1,0,3
BRDA:7,1,1,2
BRF:4
BRH:4
end_of_record
TN:
SF:src\components\MyBookings.jsx
FN:5,(anonymous_0)
FN:8,(anonymous_1)
FN:19,(anonymous_2)
FNF:3
FNH:3
FNDA:6,(anonymous_0)
FNDA:3,(anonymous_1)
FNDA:2,(anonymous_2)
DA:5,2
DA:6,6
DA:8,6
DA:10,3
DA:11,3
DA:14,6
DA:20,2
LF:7
LH:7
BRDA:11,0,0,3
BRDA:11,0,1,1
BRDA:17,1,0,1
BRDA:17,1,1,5
BRF:4
BRH:4
end_of_record
TN:
SF:src\components\Payment.jsx
FN:8,(anonymous_0)
FN:13,(anonymous_1)
FN:15,(anonymous_2)
FNF:3
FNH:3
FNDA:4,(anonymous_0)
FNDA:1,(anonymous_1)
FNDA:1,(anonymous_2)
DA:8,1
DA:9,4
DA:10,4
DA:11,4
DA:13,4
DA:14,1
DA:15,1
DA:16,1
DA:25,1
DA:26,1
DA:27,1
DA:29,1
DA:33,4
DA:34,2
DA:37,2
LF:15
LH:15
BRDA:14,0,0,0
BRDA:14,0,1,1
BRDA:25,1,0,1
BRDA:25,1,1,1
BRDA:33,2,0,2
BRDA:33,2,1,2
BRF:6
BRH:5
end_of_record
TN:
SF:src\components\PaymentMethod.jsx
FN:12,(anonymous_0)
FN:17,(anonymous_1)
FN:21,(anonymous_2)
FNF:3
FNH:3
FNDA:3,(anonymous_0)
FNDA:12,(anonymous_1)
FNDA:1,(anonymous_2)
DA:5,1
DA:12,1
DA:13,3
DA:18,12
DA:21,1
LF:5
LH:5
BRDA:20,0,0,1
BRDA:20,0,1,11
BRF:2
BRH:2
end_of_record
TN:
SF:src\components\PaymentPage.jsx
FN:5,(anonymous_0)
FN:6,(anonymous_1)
FN:17,(anonymous_2)
FN:20,(anonymous_3)
FNF:4
FNH:4
FNDA:5,(anonymous_0)
FNDA:4,(anonymous_1)
FNDA:1,(anonymous_2)
FNDA:1,(anonymous_3)
DA:5,1
DA:6,5
DA:7,4
DA:8,4
DA:9,3
DA:10,1
DA:11,1
DA:14,2
DA:18,1
DA:21,1
DA:25,1
DA:26,1
DA:30,5
LF:13
LH:13
BRDA:9,0,0,1
BRDA:9,0,1,2
BRF:2
BRH:2
end_of_record
TN:
SF:src\components\PaymentScreen.jsx
FN:7,(anonymous_0)
FN:15,(anonymous_1)
FN:24,(anonymous_2)
FN:44,(anonymous_3)
FN:81,(anonymous_4)
FNF:5
FNH:5
FNDA:6,(anonymous_0)
FNDA:1,(anonymous_1)
FNDA:1,(anonymous_2)
FNDA:4,(anonymous_3)
FNDA:1,(anonymous_4)
DA:7,2
DA:8,6
DA:9,6
DA:10,6
DA:11,6
DA:14,6
DA:15,1
DA:16,1
DA:18,1
DA:21,5
DA:24,5
DA:26,1
DA:28,1
DA:29,1
DA:36,1
DA:37,1
DA:38,1
DA:40,1
DA:41,1
DA:44,5
DA:46,4
DA:47,1
DA:48,1
DA:49,1
DA:54,3
DA:80,3
DA:81,3
DA:83,1
DA:84,1
DA:86,3
DA:89,5
LF:31
LH:31
BRDA:11,0,0,6
BRDA:11,0,1,0
BRDA:14,1,0,1
BRDA:14,1,1,5
BRDA:14,2,0,6
BRDA:14,2,1,5
BRDA:36,3,0,1
BRDA:36,3,1,1
BRDA:46,4,0,1
BRDA:46,4,1,3
BRF:10
BRH:9
end_of_record
TN:
SF:src\components\Toast.jsx
FN:4,(anonymous_0)
FN:7,(anonymous_1)
FN:9,(anonymous_2)
FN:12,(anonymous_3)
FN:16,(anonymous_4)
FN:20,(anonymous_5)
FNF:6
FNH:6
FNDA:8,(anonymous_0)
FNDA:8,(anonymous_1)
FNDA:1,(anonymous_2)
FNDA:7,(anonymous_3)
FNDA:1,(anonymous_4)
FNDA:8,(anonymous_5)
DA:4,1
DA:5,8
DA:7,8
DA:8,8
DA:9,7
DA:10,1
DA:12,7
DA:16,8
DA:17,1
DA:20,8
DA:21,8
DA:23,1
DA:25,1
DA:27,1
DA:30,5
DA:34,8
LF:16
LH:16
BRDA:5,0,0,0
BRDA:5,1,0,6
BRDA:8,2,0,7
BRDA:8,2,1,1
BRDA:21,3,0,1
BRDA:21,3,1,1
BRDA:21,3,2,1
BRDA:21,3,3,5
BRDA:21,3,4,5
BRF:9
BRH:8
end_of_record
TN:
SF:src\components\ToastContainer.jsx
FN:7,(anonymous_0)
FN:13,(anonymous_1)
FN:14,(anonymous_2)
FN:16,(anonymous_3)
FN:21,(anonymous_4)
FN:26,(anonymous_5)
FNF:6
FNH:6
FNDA:3,(anonymous_0)
FNDA:3,(anonymous_1)
FNDA:4,(anonymous_2)
FNDA:1,(anonymous_3)
FNDA:3,(anonymous_4)
FNDA:4,(anonymous_5)
DA:7,2
DA:8,3
DA:9,3
DA:11,3
DA:13,3
DA:14,3
DA:15,4
DA:16,4
DA:17,1
DA:21,3
DA:24,3
DA:27,4
LF:12
LH:12
BRDA:7,0,0,3
BRDA:11,1,0,3
BRDA:11,1,1,3
BRDA:15,2,0,4
BRDA:15,2,1,2
BRDA:25,3,0,1
BRDA:25,3,1,2
BRF:7
BRH:7
end_of_record
TN:
SF:src\components\navbar.jsx
FN:5,(anonymous_0)
FNF:1
FNH:1
FNDA:3,(anonymous_0)
DA:5,2
DA:6,3
LF:2
LH:2
BRF:0
BRH:0
end_of_record
TN:
SF:src\utils\localStorage.js
FN:1,saveBooking
FN:11,getBookings
FNF:2
FNH:2
FNDA:2,saveBooking
FNDA:3,getBookings
DA:2,2
DA:3,2
DA:4,2
DA:5,2
DA:7,1
DA:12,3
DA:13,3
DA:15,1
DA:16,1
LF:9
LH:9
BRDA:3,0,0,2
BRDA:3,0,1,2
BRDA:13,1,0,3
BRDA:13,1,1,1
BRF:4
BRH:4
end_of_record
TN:
SF:src\utils\razorpay.js
FN:5,loadRazorpayScript
FN:6,(anonymous_1)
FN:15,(anonymous_2)
FN:16,(anonymous_3)
FN:24,openRazorpayCheckout
FNF:5
FNH:5
FNDA:4,loadRazorpayScript
FNDA:4,(anonymous_1)
FNDA:1,(anonymous_2)
FNDA:1,(anonymous_3)
FNDA:1,openRazorpayCheckout
DA:3,1
DA:6,4
DA:7,4
DA:8,4
DA:9,2
DA:10,2
DA:13,2
DA:14,2
DA:15,2
DA:16,2
DA:17,1
DA:18,1
DA:20,2
DA:25,1
DA:26,1
LF:15
LH:15
BRDA:8,0,0,2
BRDA:8,0,1,2
BRF:2
BRH:2
end_of_record
